2025-08-23T22:52:47 exception: Failed to open "/home/toby/.config/mpd/mpd.state": No such file or directory
2025-08-23T22:52:47 config: option "buffer_time" on line 21 was not recognized
2025-08-23T22:52:47 update: added /Central Cee - Now We_re Strangers.flac
2025-08-23T22:52:47 update: added /Niko B - It_s All Gone.flac
2025-08-23T22:52:47 update: added /Sainté - Dora.flac
2025-08-23T22:52:47 update: added /Dave, AJ Tracey - Thiago Silva.flac
2025-08-23T22:52:47 update: added /MF DOOM - Deep Fried Frenz.flac
2025-08-23T22:52:47 update: added /Central Cee, Dave - CRG (feat. Dave).flac
2025-08-23T22:52:47 update: added /camuse - sparta kick.flac
2025-08-23T22:52:47 update: added /Adz, Likkledotzotb - Day 3.flac
2025-08-23T22:52:47 update: added /Central Cee, Lil Baby - BAND4BAND (feat. Lil Baby).flac
2025-08-23T22:52:47 update: added /Ice Spice, Central Cee - Did It First (with Central Cee).flac
2025-08-23T22:52:47 update: added /Central Cee - Gen Z Luv.flac
2025-08-23T22:52:47 update: added /Dave, Central Cee - Sprinter.flac
2025-08-23T22:52:47 update: added /Dave, Central Cee - UK Rap.flac
2025-08-23T22:52:47 update: added /lil beamed, Mourn, BODO - Welcome To Doxbin.flac
2025-08-23T22:52:47 update: added /Kanye West, Pusha T - Runaway.flac
2025-08-23T22:52:47 update: added /SL, Knucks, Sainté - Summertime.flac
2025-08-23T22:52:47 update: added /camuse - streetstar.flac
2025-08-23T22:52:47 update: added /Kanye West - Can_t Tell Me Nothing.flac
2025-08-23T22:52:47 update: added /Dave, Central Cee - Trojan Horse.flac
2025-08-23T22:52:47 update: added /MF DOOM - Hoe Cakes.flac
2025-08-23T22:52:47 update: added /Joey Bada$$ - Shine.flac
2025-08-23T22:52:47 update: added /MF DOOM, Mr. Fantastik - Rapp Snitch Knishes.flac
2025-08-23T22:52:47 update: added /Central Cee - Limitless.flac
2025-08-23T22:52:47 update: added /wewantwraiths, Bella Shmurda - On The Road.flac
2025-08-23T22:52:47 update: added /SadBoyProlific, ivri - Scars.flac
2025-08-23T22:52:47 update: added /Central Cee, Skepta - Ten (feat. Skepta).flac
2025-08-23T22:52:47 update: added /SadBoyProlific, Aiko, Teqkoi - Walk Away.flac
2025-08-23T22:52:47 update: added /JPEGMAFIA - TRUST!.flac
2025-08-23T22:52:47 update: added /MF DOOM - One Beer.flac
2025-08-23T22:52:47 update: added /Arctic Monkeys - 505.flac
2025-08-23T22:52:47 update: added /Central Cee, 21 Savage - GBP (feat. 21 Savage).flac
2025-08-23T22:52:47 update: added /SwitchOTR - ROI.flac
2025-08-23T22:52:47 update: added /Kanye West, Dwele - Flashing Lights.flac
2025-08-23T22:52:47 update: added /Kanye West - On Sight.flac
2025-08-23T22:52:47 update: added /AJ Tracey - West Life.flac
2025-08-23T22:52:47 update: added /Tracy Chapman - Fast Car.flac
2025-08-23T22:52:47 update: added /Kempachii - Pandora_s Box.flac
2025-08-23T22:52:47 update: added /Niko B, dexter in the newsagent - trespass coat.flac
2025-08-23T22:52:47 update: added /wifiskeleton, i wanna be a jack-o-lantern - Nope your too late i already died.flac
2025-08-23T22:52:47 update: added /King Von - Crazy Story.flac
2025-08-23T22:52:47 update: added /Denzel Curry - Walkin.flac
2025-08-23T22:52:47 update: added /Central Cee - One By One.flac
2025-08-23T22:52:47 update: added /Central Cee - 5 Star.flac
2025-08-23T22:52:47 update: added /MF DOOM, Stahhr, 4ize - Guinnessez.flac
2025-08-23T22:52:47 update: added /Kanye West - Bound 2.flac
2025-08-23T22:52:47 update: added /MF DOOM, MF Grimm - Doomsday.flac
2025-08-23T22:52:47 update: added /Central Cee, RAYE - Moi.flac
2025-08-23T22:52:47 update: added /Central Cee, JRK 19 - Bolide Noir.flac
2025-08-23T22:52:47 update: added /Statik Selektah, Raekwon, Joey Bada$$, Black Thought - Bird_s Eye View (feat. Raekwon, Joey Bada$$ & Black Thought).flac
2025-08-23T22:52:47 update: added /Central Cee - Day in the Life.flac
2025-08-23T22:52:47 update: added /Luke Muzzic - Dark Is The Night - slowed to perfection.flac
2025-08-23T22:52:47 update: added /The Smiths - There Is a Light That Never Goes Out - 2008 Remaster.flac
2025-08-23T22:52:47 update: added /Little Simz, Obongjayar - Lion.flac
2025-08-23T22:52:47 update: added /Kanye West - Heartless.flac
2025-08-23T22:52:53 exception: Failed to open /home/toby/.config/mpd/playlists: No such file or directory
2025-08-23T22:52:54 exception: Failed to open /home/toby/.config/mpd/playlists: No such file or directory
2025-08-23T22:52:56 server_socket: bind to '0.0.0.0:8000' failed (continuing anyway, because binding to '[::]:8000' succeeded): Failed to bind socket: Address already in use
2025-08-23T22:52:56 exception: Failed to enable output "lossless" (httpd); Failed to bind to '[::]:8000'; Failed to bind socket: Address already in use
2025-08-23T22:52:58 exception: Failed to enable output "lossless" (httpd); Failed to bind to '[::]:8000'; Failed to bind socket: Address already in use
2025-08-23T22:52:58 exception: Failed to enable output "lossless" (httpd); Failed to bind to '[::]:8000'; Failed to bind socket: Address already in use
2025-08-23T22:52:58 exception: Failed to enable output "lossless" (httpd); Failed to bind to '[::]:8000'; Failed to bind socket: Address already in use
2025-08-23T22:52:59 exception: Failed to enable output "lossless" (httpd); Failed to bind to '[::]:8000'; Failed to bind socket: Address already in use
2025-08-23T22:52:59 exception: Failed to enable output "lossless" (httpd); Failed to bind to '[::]:8000'; Failed to bind socket: Address already in use
2025-08-23T22:52:59 exception: Failed to enable output "lossless" (httpd); Failed to bind to '[::]:8000'; Failed to bind socket: Address already in use
2025-08-23T22:52:59 exception: Failed to enable output "lossless" (httpd); Failed to bind to '[::]:8000'; Failed to bind socket: Address already in use
2025-08-23T22:52:59 exception: Failed to enable output "lossless" (httpd); Failed to bind to '[::]:8000'; Failed to bind socket: Address already in use
2025-08-23T22:53:00 exception: Failed to enable output "lossless" (httpd); Failed to bind to '[::]:8000'; Failed to bind socket: Address already in use
2025-08-23T22:53:00 exception: Failed to enable output "lossless" (httpd); Failed to bind to '[::]:8000'; Failed to bind socket: Address already in use
2025-08-23T22:53:00 exception: Failed to enable output "lossless" (httpd); Failed to bind to '[::]:8000'; Failed to bind socket: Address already in use
2025-08-23T22:53:00 exception: Failed to enable output "lossless" (httpd); Failed to bind to '[::]:8000'; Failed to bind socket: Address already in use
2025-08-23T22:53:01 exception: Failed to enable output "lossless" (httpd); Failed to bind to '[::]:8000'; Failed to bind socket: Address already in use
2025-08-23T22:53:01 exception: Failed to enable output "lossless" (httpd); Failed to bind to '[::]:8000'; Failed to bind socket: Address already in use
2025-08-23T22:53:01 exception: Failed to enable output "lossless" (httpd); Failed to bind to '[::]:8000'; Failed to bind socket: Address already in use
2025-08-23T22:53:01 exception: Failed to enable output "lossless" (httpd); Failed to bind to '[::]:8000'; Failed to bind socket: Address already in use
2025-08-23T22:53:02 exception: Failed to enable output "lossless" (httpd); Failed to bind to '[::]:8000'; Failed to bind socket: Address already in use
2025-08-23T22:53:02 exception: Failed to enable output "lossless" (httpd); Failed to bind to '[::]:8000'; Failed to bind socket: Address already in use
2025-08-23T22:53:02 exception: Failed to enable output "lossless" (httpd); Failed to bind to '[::]:8000'; Failed to bind socket: Address already in use
2025-08-23T22:53:02 exception: Failed to enable output "lossless" (httpd); Failed to bind to '[::]:8000'; Failed to bind socket: Address already in use
2025-08-23T22:53:03 exception: Failed to enable output "lossless" (httpd); Failed to bind to '[::]:8000'; Failed to bind socket: Address already in use
2025-08-23T22:53:03 exception: Failed to enable output "lossless" (httpd); Failed to bind to '[::]:8000'; Failed to bind socket: Address already in use
2025-08-23T22:53:03 exception: Failed to enable output "lossless" (httpd); Failed to bind to '[::]:8000'; Failed to bind socket: Address already in use
2025-08-23T22:53:03 exception: Failed to enable output "lossless" (httpd); Failed to bind to '[::]:8000'; Failed to bind socket: Address already in use
2025-08-23T22:53:04 exception: Failed to enable output "lossless" (httpd); Failed to bind to '[::]:8000'; Failed to bind socket: Address already in use
2025-08-23T22:53:04 exception: Failed to enable output "lossless" (httpd); Failed to bind to '[::]:8000'; Failed to bind socket: Address already in use
2025-08-23T22:53:04 exception: Failed to enable output "lossless" (httpd); Failed to bind to '[::]:8000'; Failed to bind socket: Address already in use
2025-08-23T22:53:04 exception: Failed to enable output "lossless" (httpd); Failed to bind to '[::]:8000'; Failed to bind socket: Address already in use
2025-08-23T22:53:05 exception: Failed to enable output "lossless" (httpd); Failed to bind to '[::]:8000'; Failed to bind socket: Address already in use
2025-08-23T22:53:05 exception: Failed to enable output "lossless" (httpd); Failed to bind to '[::]:8000'; Failed to bind socket: Address already in use
2025-08-23T22:53:05 exception: Failed to enable output "lossless" (httpd); Failed to bind to '[::]:8000'; Failed to bind socket: Address already in use
2025-08-23T22:53:05 exception: Failed to enable output "lossless" (httpd); Failed to bind to '[::]:8000'; Failed to bind socket: Address already in use
2025-08-23T22:53:06 exception: Failed to enable output "lossless" (httpd); Failed to bind to '[::]:8000'; Failed to bind socket: Address already in use
2025-08-23T22:53:06 exception: Failed to enable output "lossless" (httpd); Failed to bind to '[::]:8000'; Failed to bind socket: Address already in use
2025-08-23T22:53:06 exception: Failed to enable output "lossless" (httpd); Failed to bind to '[::]:8000'; Failed to bind socket: Address already in use
2025-08-23T22:53:06 exception: Failed to enable output "lossless" (httpd); Failed to bind to '[::]:8000'; Failed to bind socket: Address already in use
2025-08-23T22:53:07 exception: Failed to enable output "lossless" (httpd); Failed to bind to '[::]:8000'; Failed to bind socket: Address already in use
2025-08-23T22:53:07 exception: Failed to enable output "lossless" (httpd); Failed to bind to '[::]:8000'; Failed to bind socket: Address already in use
2025-08-23T22:53:07 exception: Failed to enable output "lossless" (httpd); Failed to bind to '[::]:8000'; Failed to bind socket: Address already in use
2025-08-23T22:53:07 exception: Failed to enable output "lossless" (httpd); Failed to bind to '[::]:8000'; Failed to bind socket: Address already in use
2025-08-23T22:53:08 exception: Failed to enable output "lossless" (httpd); Failed to bind to '[::]:8000'; Failed to bind socket: Address already in use
2025-08-23T22:53:08 exception: Failed to enable output "lossless" (httpd); Failed to bind to '[::]:8000'; Failed to bind socket: Address already in use
2025-08-23T22:53:08 exception: Failed to enable output "lossless" (httpd); Failed to bind to '[::]:8000'; Failed to bind socket: Address already in use
2025-08-23T22:53:08 exception: Failed to enable output "lossless" (httpd); Failed to bind to '[::]:8000'; Failed to bind socket: Address already in use
2025-08-23T22:53:09 exception: Failed to enable output "lossless" (httpd); Failed to bind to '[::]:8000'; Failed to bind socket: Address already in use
2025-08-23T22:53:09 exception: Failed to enable output "lossless" (httpd); Failed to bind to '[::]:8000'; Failed to bind socket: Address already in use
2025-08-23T22:53:09 exception: Failed to enable output "lossless" (httpd); Failed to bind to '[::]:8000'; Failed to bind socket: Address already in use
2025-08-23T22:53:10 exception: Failed to enable output "lossless" (httpd); Failed to bind to '[::]:8000'; Failed to bind socket: Address already in use
2025-08-23T22:53:10 exception: Failed to enable output "lossless" (httpd); Failed to bind to '[::]:8000'; Failed to bind socket: Address already in use
2025-08-23T22:53:10 exception: Failed to enable output "lossless" (httpd); Failed to bind to '[::]:8000'; Failed to bind socket: Address already in use
2025-08-23T22:53:10 exception: Failed to enable output "lossless" (httpd); Failed to bind to '[::]:8000'; Failed to bind socket: Address already in use
2025-08-23T22:53:11 exception: Failed to enable output "lossless" (httpd); Failed to bind to '[::]:8000'; Failed to bind socket: Address already in use
2025-08-23T22:53:18 exception: Failed to enable output "lossless" (httpd); Failed to bind to '[::]:8000'; Failed to bind socket: Address already in use
2025-08-23T22:53:24 exception: Failed to enable output "lossless" (httpd); Failed to bind to '[::]:8000'; Failed to bind socket: Address already in use
2025-08-23T22:53:25 exception: Failed to enable output "lossless" (httpd); Failed to bind to '[::]:8000'; Failed to bind socket: Address already in use
2025-08-23T22:53:28 exception: Failed to enable output "lossless" (httpd); Failed to bind to '[::]:8000'; Failed to bind socket: Address already in use
2025-08-23T22:53:28 pipewire_output: Decoder is too slow; playing silence to avoid xrun
2025-08-23T22:53:29 pipewire_output: Decoder is too slow; playing silence to avoid xrun
2025-08-23T22:54:21 exception: Failed to enable output "lossless" (httpd); Failed to bind to '[::]:8000'; Failed to bind socket: Address already in use
2025-08-23T22:54:21 exception: Failed to enable output "lossless" (httpd); Failed to bind to '[::]:8000'; Failed to bind socket: Address already in use
2025-08-23T22:54:25 pipewire_output: Decoder is too slow; playing silence to avoid xrun
2025-08-23T22:54:25 player: played "Adz, Likkledotzotb - Day 3.flac"
2025-08-23T22:54:25 exception: Failed to enable output "lossless" (httpd); Failed to bind to '[::]:8000'; Failed to bind socket: Address already in use
2025-08-23T22:54:59 exception: Failed to enable output "lossless" (httpd); Failed to bind to '[::]:8000'; Failed to bind socket: Address already in use
2025-08-23T22:55:03 exception: Failed to enable output "lossless" (httpd); Failed to bind to '[::]:8000'; Failed to bind socket: Address already in use
2025-08-23T22:55:16 exception: Failed to enable output "lossless" (httpd); Failed to bind to '[::]:8000'; Failed to bind socket: Address already in use
2025-08-23T22:56:40 player: played "Tracy Chapman - Fast Car.flac"
2025-08-23T22:56:43 exception: Failed to enable output "lossless" (httpd); Failed to bind to '[::]:8000'; Failed to bind socket: Address already in use
2025-08-23T22:56:44 exception: Failed to enable output "lossless" (httpd); Failed to bind to '[::]:8000'; Failed to bind socket: Address already in use
2025-08-23T22:56:45 exception: Failed to enable output "lossless" (httpd); Failed to bind to '[::]:8000'; Failed to bind socket: Address already in use
2025-08-23T22:56:46 exception: Failed to enable output "lossless" (httpd); Failed to bind to '[::]:8000'; Failed to bind socket: Address already in use
2025-08-23T22:56:46 exception: Failed to enable output "lossless" (httpd); Failed to bind to '[::]:8000'; Failed to bind socket: Address already in use
2025-08-23T22:56:47 exception: Failed to enable output "lossless" (httpd); Failed to bind to '[::]:8000'; Failed to bind socket: Address already in use
2025-08-23T22:56:47 exception: Failed to enable output "lossless" (httpd); Failed to bind to '[::]:8000'; Failed to bind socket: Address already in use
2025-08-23T22:56:49 exception: Failed to enable output "lossless" (httpd); Failed to bind to '[::]:8000'; Failed to bind socket: Address already in use
2025-08-23T22:56:50 exception: Failed to enable output "lossless" (httpd); Failed to bind to '[::]:8000'; Failed to bind socket: Address already in use
2025-08-23T22:56:51 exception: Failed to enable output "lossless" (httpd); Failed to bind to '[::]:8000'; Failed to bind socket: Address already in use
2025-08-23T23:01:47 pipewire_output: Decoder is too slow; playing silence to avoid xrun
2025-08-23T23:01:47 player: played "Tracy Chapman - Fast Car.flac"
2025-08-23T23:01:47 exception: Failed to enable output "lossless" (httpd); Failed to bind to '[::]:8000'; Failed to bind socket: Address already in use
2025-08-23T23:05:09 player: played "Dave, AJ Tracey - Thiago Silva.flac"
2025-08-23T23:05:09 exception: Failed to enable output "lossless" (httpd); Failed to bind to '[::]:8000'; Failed to bind socket: Address already in use
2025-08-23T23:07:23 player: played "lil beamed, Mourn, BODO - Welcome To Doxbin.flac"
2025-08-23T23:07:23 exception: Failed to enable output "lossless" (httpd); Failed to bind to '[::]:8000'; Failed to bind socket: Address already in use
2025-08-23T23:09:43 player: played "Central Cee, Lil Baby - BAND4BAND (feat. Lil Baby).flac"
2025-08-23T23:09:43 exception: Failed to enable output "lossless" (httpd); Failed to bind to '[::]:8000'; Failed to bind socket: Address already in use
2025-08-23T23:13:33 player: played "AJ Tracey - West Life.flac"
2025-08-23T23:13:33 exception: Failed to enable output "lossless" (httpd); Failed to bind to '[::]:8000'; Failed to bind socket: Address already in use
2025-08-23T23:16:51 player: played "Dave, Central Cee - UK Rap.flac"
2025-08-23T23:16:51 exception: Failed to enable output "lossless" (httpd); Failed to bind to '[::]:8000'; Failed to bind socket: Address already in use
2025-08-23T23:18:41 player: played "Kempachii - Pandora_s Box.flac"
2025-08-23T23:18:41 exception: Failed to enable output "lossless" (httpd); Failed to bind to '[::]:8000'; Failed to bind socket: Address already in use
2025-08-23T23:21:33 player: played "Joey Bada$$ - Shine.flac"
2025-08-23T23:21:33 exception: Failed to enable output "lossless" (httpd); Failed to bind to '[::]:8000'; Failed to bind socket: Address already in use
2025-08-23T23:25:22 player: played "Kanye West - Bound 2.flac"
2025-08-23T23:25:22 exception: Failed to enable output "lossless" (httpd); Failed to bind to '[::]:8000'; Failed to bind socket: Address already in use
2025-08-23T23:28:26 player: played "wewantwraiths, Bella Shmurda - On The Road.flac"
2025-08-23T23:28:26 exception: Failed to enable output "lossless" (httpd); Failed to bind to '[::]:8000'; Failed to bind socket: Address already in use
2025-08-23T23:28:30 exception: Failed to enable output "lossless" (httpd); Failed to bind to '[::]:8000'; Failed to bind socket: Address already in use
2025-08-23T23:28:32 exception: Failed to enable output "lossless" (httpd); Failed to bind to '[::]:8000'; Failed to bind socket: Address already in use
2025-08-23T23:28:33 player: played "Central Cee, Dave - CRG (feat. Dave).flac"
2025-08-23T23:28:39 exception: Failed to enable output "lossless" (httpd); Failed to bind to '[::]:8000'; Failed to bind socket: Address already in use
2025-08-23T23:30:53 player: played "Adz, Likkledotzotb - Day 3.flac"
2025-08-23T23:30:53 exception: Failed to enable output "lossless" (httpd); Failed to bind to '[::]:8000'; Failed to bind socket: Address already in use
2025-08-23T23:33:45 player: played "Joey Bada$$ - Shine.flac"
2025-08-23T23:33:45 exception: Failed to enable output "lossless" (httpd); Failed to bind to '[::]:8000'; Failed to bind socket: Address already in use
2025-08-23T23:35:35 player: played "SL, Knucks, Sainté - Summertime.flac"
2025-08-23T23:35:35 exception: Failed to enable output "lossless" (httpd); Failed to bind to '[::]:8000'; Failed to bind socket: Address already in use
2025-08-23T23:40:32 pipewire_output: Decoder is too slow; playing silence to avoid xrun
2025-08-23T23:40:32 player: played "Tracy Chapman - Fast Car.flac"
2025-08-23T23:40:32 exception: Failed to enable output "lossless" (httpd); Failed to bind to '[::]:8000'; Failed to bind socket: Address already in use
2025-08-23T23:42:53 player: played "Central Cee, Lil Baby - BAND4BAND (feat. Lil Baby).flac"
2025-08-23T23:42:53 exception: Failed to enable output "lossless" (httpd); Failed to bind to '[::]:8000'; Failed to bind socket: Address already in use
2025-08-23T23:45:29 player: played "Kanye West - On Sight.flac"
2025-08-23T23:45:29 exception: Failed to enable output "lossless" (httpd); Failed to bind to '[::]:8000'; Failed to bind socket: Address already in use
2025-08-23T23:47:51 player: played "camuse - sparta kick.flac"
2025-08-23T23:47:51 exception: Failed to enable output "lossless" (httpd); Failed to bind to '[::]:8000'; Failed to bind socket: Address already in use
2025-08-23T23:50:41 player: played "Central Cee, JRK 19 - Bolide Noir.flac"
2025-08-23T23:50:41 exception: Failed to enable output "lossless" (httpd); Failed to bind to '[::]:8000'; Failed to bind socket: Address already in use
2025-08-23T23:53:36 player: played "Sainté - Dora.flac"
2025-08-23T23:53:36 exception: Failed to enable output "lossless" (httpd); Failed to bind to '[::]:8000'; Failed to bind socket: Address already in use
2025-08-23T23:56:11 player: played "Central Cee, 21 Savage - GBP (feat. 21 Savage).flac"
2025-08-23T23:56:11 exception: Failed to enable output "lossless" (httpd); Failed to bind to '[::]:8000'; Failed to bind socket: Address already in use
2025-08-23T23:59:47 player: played "Luke Muzzic - Dark Is The Night - slowed to perfection.flac"
2025-08-23T23:59:47 exception: Failed to enable output "lossless" (httpd); Failed to bind to '[::]:8000'; Failed to bind socket: Address already in use
2025-08-24T00:04:46 player: played "MF DOOM - Deep Fried Frenz.flac"
2025-08-24T00:04:46 exception: Failed to enable output "lossless" (httpd); Failed to bind to '[::]:8000'; Failed to bind socket: Address already in use
2025-08-24T00:07:41 player: played "Central Cee, RAYE - Moi.flac"
2025-08-24T00:07:41 exception: Failed to enable output "lossless" (httpd); Failed to bind to '[::]:8000'; Failed to bind socket: Address already in use
2025-08-24T00:12:21 player: played "Denzel Curry - Walkin.flac"
2025-08-24T00:12:21 exception: Failed to enable output "lossless" (httpd); Failed to bind to '[::]:8000'; Failed to bind socket: Address already in use
2025-08-24T00:15:39 player: played "Dave, Central Cee - UK Rap.flac"
2025-08-24T00:15:39 exception: Failed to enable output "lossless" (httpd); Failed to bind to '[::]:8000'; Failed to bind socket: Address already in use
2025-08-24T00:19:44 player: played "The Smiths - There Is a Light That Never Goes Out - 2008 Remaster.flac"
2025-08-24T00:19:44 exception: Failed to enable output "lossless" (httpd); Failed to bind to '[::]:8000'; Failed to bind socket: Address already in use
2025-08-24T00:21:57 player: played "lil beamed, Mourn, BODO - Welcome To Doxbin.flac"
2025-08-24T00:21:57 exception: Failed to enable output "lossless" (httpd); Failed to bind to '[::]:8000'; Failed to bind socket: Address already in use
2025-08-24T00:23:28 player: played "wifiskeleton, i wanna be a jack-o-lantern - Nope your too late i already died.flac"
2025-08-24T00:23:28 exception: Failed to enable output "lossless" (httpd); Failed to bind to '[::]:8000'; Failed to bind socket: Address already in use
2025-08-24T00:26:01 player: played "Central Cee - Gen Z Luv.flac"
2025-08-24T00:26:01 exception: Failed to enable output "lossless" (httpd); Failed to bind to '[::]:8000'; Failed to bind socket: Address already in use
2025-08-24T00:29:29 player: played "Niko B, dexter in the newsagent - trespass coat.flac"
2025-08-24T00:29:29 exception: Failed to enable output "lossless" (httpd); Failed to bind to '[::]:8000'; Failed to bind socket: Address already in use
2025-08-24T00:32:50 player: played "Dave, AJ Tracey - Thiago Silva.flac"
2025-08-24T00:32:50 exception: Failed to enable output "lossless" (httpd); Failed to bind to '[::]:8000'; Failed to bind socket: Address already in use
2025-08-24T00:36:17 player: played "Central Cee - Now We_re Strangers.flac"
2025-08-24T00:36:17 exception: Failed to enable output "lossless" (httpd); Failed to bind to '[::]:8000'; Failed to bind socket: Address already in use
2025-08-24T00:38:31 player: played "JPEGMAFIA - TRUST!.flac"
2025-08-24T00:38:31 exception: Failed to enable output "lossless" (httpd); Failed to bind to '[::]:8000'; Failed to bind socket: Address already in use
2025-08-24T00:42:20 pipewire_output: Decoder is too slow; playing silence to avoid xrun
2025-08-24T00:42:20 player: played "Dave, Central Cee - Sprinter.flac"
2025-08-24T00:42:20 exception: Failed to enable output "lossless" (httpd); Failed to bind to '[::]:8000'; Failed to bind socket: Address already in use
2025-08-24T00:45:18 player: played "Little Simz, Obongjayar - Lion.flac"
2025-08-24T00:45:18 exception: Failed to enable output "lossless" (httpd); Failed to bind to '[::]:8000'; Failed to bind socket: Address already in use
2025-08-24T00:48:17 player: played "Central Cee - One By One.flac"
2025-08-24T00:48:17 exception: Failed to enable output "lossless" (httpd); Failed to bind to '[::]:8000'; Failed to bind socket: Address already in use
2025-08-24T00:50:15 player: played "SadBoyProlific, ivri - Scars.flac"
2025-08-24T00:50:15 exception: Failed to enable output "lossless" (httpd); Failed to bind to '[::]:8000'; Failed to bind socket: Address already in use
2025-08-24T00:53:36 player: played "Central Cee - Limitless.flac"
2025-08-24T00:53:36 exception: Failed to enable output "lossless" (httpd); Failed to bind to '[::]:8000'; Failed to bind socket: Address already in use
2025-08-24T00:56:03 player: played "King Von - Crazy Story.flac"
2025-08-24T00:56:03 exception: Failed to enable output "lossless" (httpd); Failed to bind to '[::]:8000'; Failed to bind socket: Address already in use
2025-08-24T00:59:12 player: played "Central Cee - Day in the Life.flac"
2025-08-24T00:59:12 exception: Failed to enable output "lossless" (httpd); Failed to bind to '[::]:8000'; Failed to bind socket: Address already in use
2025-08-24T01:03:53 player: played "MF DOOM, Stahhr, 4ize - Guinnessez.flac"
2025-08-24T01:03:53 exception: Failed to enable output "lossless" (httpd); Failed to bind to '[::]:8000'; Failed to bind socket: Address already in use
2025-08-24T01:05:53 player: played "SadBoyProlific, Aiko, Teqkoi - Walk Away.flac"
2025-08-24T01:05:53 exception: Failed to enable output "lossless" (httpd); Failed to bind to '[::]:8000'; Failed to bind socket: Address already in use
2025-08-24T01:10:51 player: played "MF DOOM, MF Grimm - Doomsday.flac"
2025-08-24T01:10:51 exception: Failed to enable output "lossless" (httpd); Failed to bind to '[::]:8000'; Failed to bind socket: Address already in use
2025-08-24T01:12:49 player: played "Ice Spice, Central Cee - Did It First (with Central Cee).flac"
2025-08-24T01:12:49 exception: Failed to enable output "lossless" (httpd); Failed to bind to '[::]:8000'; Failed to bind socket: Address already in use
2025-08-24T01:16:47 player: played "Kanye West, Dwele - Flashing Lights.flac"
2025-08-24T01:16:47 exception: Failed to enable output "lossless" (httpd); Failed to bind to '[::]:8000'; Failed to bind socket: Address already in use
2025-08-24T01:18:50 player: played "Central Cee, Skepta - Ten (feat. Skepta).flac"
2025-08-24T01:18:50 exception: Failed to enable output "lossless" (httpd); Failed to bind to '[::]:8000'; Failed to bind socket: Address already in use
2025-08-24T01:20:40 player: played "Kempachii - Pandora_s Box.flac"
2025-08-24T01:20:40 exception: Failed to enable output "lossless" (httpd); Failed to bind to '[::]:8000'; Failed to bind socket: Address already in use
2025-08-24T01:25:12 player: played "Kanye West - Can_t Tell Me Nothing.flac"
2025-08-24T01:25:12 exception: Failed to enable output "lossless" (httpd); Failed to bind to '[::]:8000'; Failed to bind socket: Address already in use
2025-08-24T01:29:01 player: played "Kanye West - Bound 2.flac"
2025-08-24T01:29:01 exception: Failed to enable output "lossless" (httpd); Failed to bind to '[::]:8000'; Failed to bind socket: Address already in use
2025-08-24T01:31:41 player: played "Central Cee - 5 Star.flac"
2025-08-24T01:31:41 exception: Failed to enable output "lossless" (httpd); Failed to bind to '[::]:8000'; Failed to bind socket: Address already in use
2025-08-24T01:34:21 player: played "SwitchOTR - ROI.flac"
2025-08-24T01:34:21 exception: Failed to enable output "lossless" (httpd); Failed to bind to '[::]:8000'; Failed to bind socket: Address already in use
2025-08-24T01:37:52 player: played "Kanye West - Heartless.flac"
2025-08-24T01:37:52 exception: Failed to enable output "lossless" (httpd); Failed to bind to '[::]:8000'; Failed to bind socket: Address already in use
2025-08-24T01:41:47 player: played "MF DOOM - Hoe Cakes.flac"
2025-08-24T01:41:47 exception: Failed to enable output "lossless" (httpd); Failed to bind to '[::]:8000'; Failed to bind socket: Address already in use
2025-08-24T01:50:54 player: played "Kanye West, Pusha T - Runaway.flac"
2025-08-24T01:50:54 exception: Failed to enable output "lossless" (httpd); Failed to bind to '[::]:8000'; Failed to bind socket: Address already in use
2025-08-24T01:53:58 player: played "wewantwraiths, Bella Shmurda - On The Road.flac"
2025-08-24T01:53:58 exception: Failed to enable output "lossless" (httpd); Failed to bind to '[::]:8000'; Failed to bind socket: Address already in use
2025-08-24T01:55:28 player: played "camuse - streetstar.flac"
2025-08-24T01:55:28 exception: Failed to enable output "lossless" (httpd); Failed to bind to '[::]:8000'; Failed to bind socket: Address already in use
2025-08-24T01:59:17 player: played "AJ Tracey - West Life.flac"
2025-08-24T01:59:17 exception: Failed to enable output "lossless" (httpd); Failed to bind to '[::]:8000'; Failed to bind socket: Address already in use
2025-08-24T02:03:31 player: played "Arctic Monkeys - 505.flac"
2025-08-24T02:03:31 exception: Failed to enable output "lossless" (httpd); Failed to bind to '[::]:8000'; Failed to bind socket: Address already in use
2025-08-24T02:07:39 player: played "Dave, Central Cee - Trojan Horse.flac"
2025-08-24T02:07:39 exception: Failed to enable output "lossless" (httpd); Failed to bind to '[::]:8000'; Failed to bind socket: Address already in use
2025-08-24T02:11:10 player: played "Kanye West - Heartless.flac"
2025-08-24T02:11:10 exception: Failed to enable output "lossless" (httpd); Failed to bind to '[::]:8000'; Failed to bind socket: Address already in use
2025-08-24T02:14:12 player: played "Central Cee, Dave - CRG (feat. Dave).flac"
2025-08-24T02:14:12 exception: Failed to enable output "lossless" (httpd); Failed to bind to '[::]:8000'; Failed to bind socket: Address already in use
2025-08-24T02:17:08 player: played "Niko B - It_s All Gone.flac"
2025-08-24T02:17:08 exception: Failed to enable output "lossless" (httpd); Failed to bind to '[::]:8000'; Failed to bind socket: Address already in use
2025-08-24T02:20:00 player: played "MF DOOM, Mr. Fantastik - Rapp Snitch Knishes.flac"
2025-08-24T02:20:00 exception: Failed to enable output "lossless" (httpd); Failed to bind to '[::]:8000'; Failed to bind socket: Address already in use
2025-08-24T02:24:19 player: played "MF DOOM - One Beer.flac"
2025-08-24T02:24:19 exception: Failed to enable output "lossless" (httpd); Failed to bind to '[::]:8000'; Failed to bind socket: Address already in use
2025-08-24T02:27:53 player: played "Statik Selektah, Raekwon, Joey Bada$$, Black Thought - Bird_s Eye View (feat. Raekwon, Joey Bada$$ & Black Thought).flac"
2025-08-24T02:29:55 exception: Failed to enable output "lossless" (httpd); Failed to bind to '[::]:8000'; Failed to bind socket: Address already in use
2025-08-24T02:39:45 exception: Failed to enable output "lossless" (httpd); Failed to bind to '[::]:8000'; Failed to bind socket: Address already in use
2025-08-24T02:40:20 pipewire_output: Decoder is too slow; playing silence to avoid xrun
2025-08-24T02:40:21 pipewire_output: Decoder is too slow; playing silence to avoid xrun
2025-08-24T02:40:21 pipewire_output: Decoder is too slow; playing silence to avoid xrun
2025-08-24T02:40:21 player: played "Adz, Likkledotzotb - Day 3.flac"
2025-08-24T02:40:21 exception: Failed to enable output "lossless" (httpd); Failed to bind to '[::]:8000'; Failed to bind socket: Address already in use
2025-08-24T02:44:10 player: played "Kanye West - Bound 2.flac"
2025-08-24T02:44:10 exception: Failed to enable output "lossless" (httpd); Failed to bind to '[::]:8000'; Failed to bind socket: Address already in use
2025-08-24T02:48:04 player: played "MF DOOM - Hoe Cakes.flac"
2025-08-24T02:48:04 exception: Failed to enable output "lossless" (httpd); Failed to bind to '[::]:8000'; Failed to bind socket: Address already in use
2025-08-24T02:53:01 player: played "Tracy Chapman - Fast Car.flac"
2025-08-24T02:53:01 exception: Failed to enable output "lossless" (httpd); Failed to bind to '[::]:8000'; Failed to bind socket: Address already in use
2025-08-24T02:56:32 player: played "Kanye West - Heartless.flac"
2025-08-24T02:56:32 exception: Failed to enable output "lossless" (httpd); Failed to bind to '[::]:8000'; Failed to bind socket: Address already in use
2025-08-24T03:01:04 player: played "Kanye West - Can_t Tell Me Nothing.flac"
2025-08-24T03:01:04 exception: Failed to enable output "lossless" (httpd); Failed to bind to '[::]:8000'; Failed to bind socket: Address already in use
2025-08-24T03:04:39 player: played "Luke Muzzic - Dark Is The Night - slowed to perfection.flac"
2025-08-24T03:04:39 exception: Failed to enable output "lossless" (httpd); Failed to bind to '[::]:8000'; Failed to bind socket: Address already in use
2025-08-24T03:07:34 player: played "Sainté - Dora.flac"
2025-08-24T03:07:34 exception: Failed to enable output "lossless" (httpd); Failed to bind to '[::]:8000'; Failed to bind socket: Address already in use
2025-08-24T03:10:07 player: played "Central Cee - Gen Z Luv.flac"
2025-08-24T03:10:07 exception: Failed to enable output "lossless" (httpd); Failed to bind to '[::]:8000'; Failed to bind socket: Address already in use
2025-08-24T03:13:03 player: played "Niko B - It_s All Gone.flac"
2025-08-24T03:13:03 exception: Failed to enable output "lossless" (httpd); Failed to bind to '[::]:8000'; Failed to bind socket: Address already in use
2025-08-24T03:16:52 player: played "AJ Tracey - West Life.flac"
2025-08-24T03:16:52 exception: Failed to enable output "lossless" (httpd); Failed to bind to '[::]:8000'; Failed to bind socket: Address already in use
2025-08-24T03:19:19 player: played "King Von - Crazy Story.flac"
2025-08-24T03:19:19 exception: Failed to enable output "lossless" (httpd); Failed to bind to '[::]:8000'; Failed to bind socket: Address already in use
2025-08-24T03:20:49 player: played "wifiskeleton, i wanna be a jack-o-lantern - Nope your too late i already died.flac"
2025-08-24T03:20:49 exception: Failed to enable output "lossless" (httpd); Failed to bind to '[::]:8000'; Failed to bind socket: Address already in use
2025-08-24T03:23:24 player: played "Central Cee, 21 Savage - GBP (feat. 21 Savage).flac"
2025-08-24T03:23:24 exception: Failed to enable output "lossless" (httpd); Failed to bind to '[::]:8000'; Failed to bind socket: Address already in use
2025-08-24T03:27:33 player: played "Dave, Central Cee - Trojan Horse.flac"
2025-08-24T03:27:33 exception: Failed to enable output "lossless" (httpd); Failed to bind to '[::]:8000'; Failed to bind socket: Address already in use
2025-08-24T03:31:22 player: played "Dave, Central Cee - Sprinter.flac"
2025-08-24T03:31:22 exception: Failed to enable output "lossless" (httpd); Failed to bind to '[::]:8000'; Failed to bind socket: Address already in use
2025-08-24T03:36:21 player: played "MF DOOM - Deep Fried Frenz.flac"
2025-08-24T03:36:21 exception: Failed to enable output "lossless" (httpd); Failed to bind to '[::]:8000'; Failed to bind socket: Address already in use
2025-08-24T03:39:56 player: played "Statik Selektah, Raekwon, Joey Bada$$, Black Thought - Bird_s Eye View (feat. Raekwon, Joey Bada$$ & Black Thought).flac"
2025-08-24T03:39:56 exception: Failed to enable output "lossless" (httpd); Failed to bind to '[::]:8000'; Failed to bind socket: Address already in use
2025-08-24T03:43:53 player: played "Kanye West, Dwele - Flashing Lights.flac"
2025-08-24T03:43:53 exception: Failed to enable output "lossless" (httpd); Failed to bind to '[::]:8000'; Failed to bind socket: Address already in use
2025-08-24T03:46:52 player: played "Central Cee - One By One.flac"
2025-08-24T03:46:52 exception: Failed to enable output "lossless" (httpd); Failed to bind to '[::]:8000'; Failed to bind socket: Address already in use
2025-08-24T03:50:19 player: played "Central Cee - Now We_re Strangers.flac"
2025-08-24T03:50:19 exception: Failed to enable output "lossless" (httpd); Failed to bind to '[::]:8000'; Failed to bind socket: Address already in use
2025-08-24T03:59:26 player: played "Kanye West, Pusha T - Runaway.flac"
2025-08-24T03:59:26 exception: Failed to enable output "lossless" (httpd); Failed to bind to '[::]:8000'; Failed to bind socket: Address already in use
2025-08-24T04:02:03 player: played "Kanye West - On Sight.flac"
2025-08-24T04:02:03 exception: Failed to enable output "lossless" (httpd); Failed to bind to '[::]:8000'; Failed to bind socket: Address already in use
2025-08-24T04:06:44 player: played "MF DOOM, Stahhr, 4ize - Guinnessez.flac"
2025-08-24T04:06:44 exception: Failed to enable output "lossless" (httpd); Failed to bind to '[::]:8000'; Failed to bind socket: Address already in use
2025-08-24T04:08:35 player: played "Kempachii - Pandora_s Box.flac"
2025-08-24T04:08:35 exception: Failed to enable output "lossless" (httpd); Failed to bind to '[::]:8000'; Failed to bind socket: Address already in use
2025-08-24T04:10:32 player: played "SadBoyProlific, ivri - Scars.flac"
2025-08-24T04:10:32 exception: Failed to enable output "lossless" (httpd); Failed to bind to '[::]:8000'; Failed to bind socket: Address already in use
2025-08-24T04:15:30 player: played "MF DOOM, MF Grimm - Doomsday.flac"
2025-08-24T04:15:30 exception: Failed to enable output "lossless" (httpd); Failed to bind to '[::]:8000'; Failed to bind socket: Address already in use
2025-08-24T04:20:10 player: played "Denzel Curry - Walkin.flac"
2025-08-24T04:20:10 exception: Failed to enable output "lossless" (httpd); Failed to bind to '[::]:8000'; Failed to bind socket: Address already in use
2025-08-24T04:23:14 player: played "wewantwraiths, Bella Shmurda - On The Road.flac"
2025-08-24T04:23:14 exception: Failed to enable output "lossless" (httpd); Failed to bind to '[::]:8000'; Failed to bind socket: Address already in use
2025-08-24T04:25:35 player: played "Central Cee, Lil Baby - BAND4BAND (feat. Lil Baby).flac"
2025-08-24T04:25:35 exception: Failed to enable output "lossless" (httpd); Failed to bind to '[::]:8000'; Failed to bind socket: Address already in use
2025-08-24T04:27:49 player: played "JPEGMAFIA - TRUST!.flac"
2025-08-24T04:27:49 exception: Failed to enable output "lossless" (httpd); Failed to bind to '[::]:8000'; Failed to bind socket: Address already in use
2025-08-24T04:30:40 player: played "Central Cee, JRK 19 - Bolide Noir.flac"
2025-08-24T04:30:40 exception: Failed to enable output "lossless" (httpd); Failed to bind to '[::]:8000'; Failed to bind socket: Address already in use
2025-08-24T04:33:35 player: played "Central Cee, RAYE - Moi.flac"
2025-08-24T04:33:35 exception: Failed to enable output "lossless" (httpd); Failed to bind to '[::]:8000'; Failed to bind socket: Address already in use
2025-08-24T04:35:33 player: played "Ice Spice, Central Cee - Did It First (with Central Cee).flac"
2025-08-24T04:35:33 exception: Failed to enable output "lossless" (httpd); Failed to bind to '[::]:8000'; Failed to bind socket: Address already in use
2025-08-24T04:38:54 pipewire_output: Decoder is too slow; playing silence to avoid xrun
2025-08-24T04:38:54 player: played "Central Cee - Limitless.flac"
2025-08-24T04:38:54 exception: Failed to enable output "lossless" (httpd); Failed to bind to '[::]:8000'; Failed to bind socket: Address already in use
2025-08-24T04:42:16 player: played "Dave, AJ Tracey - Thiago Silva.flac"
2025-08-24T04:42:16 exception: Failed to enable output "lossless" (httpd); Failed to bind to '[::]:8000'; Failed to bind socket: Address already in use
2025-08-24T04:45:34 player: played "Dave, Central Cee - UK Rap.flac"
2025-08-24T04:45:34 exception: Failed to enable output "lossless" (httpd); Failed to bind to '[::]:8000'; Failed to bind socket: Address already in use
2025-08-24T05:14:05 exception: Failed to enable output "lossless" (httpd); Failed to bind to '[::]:8000'; Failed to bind socket: Address already in use
2025-08-24T05:14:06 exception: Failed to enable output "lossless" (httpd); Failed to bind to '[::]:8000'; Failed to bind socket: Address already in use
2025-08-24T05:14:07 exception: Failed to enable output "lossless" (httpd); Failed to bind to '[::]:8000'; Failed to bind socket: Address already in use
2025-08-24T05:14:08 exception: Failed to enable output "lossless" (httpd); Failed to bind to '[::]:8000'; Failed to bind socket: Address already in use
2025-08-24T05:14:12 exception: Failed to enable output "lossless" (httpd); Failed to bind to '[::]:8000'; Failed to bind socket: Address already in use
2025-08-24T05:14:12 exception: Failed to enable output "lossless" (httpd); Failed to bind to '[::]:8000'; Failed to bind socket: Address already in use
2025-08-24T13:28:23 config: option "buffer_time" on line 21 was not recognized
2025-08-24T13:28:23 server_socket: bind to '0.0.0.0:8000' failed (continuing anyway, because binding to '[::]:8000' succeeded): Failed to bind socket: Address already in use
2025-08-24T13:28:23 exception: Failed to enable output "lossless" (httpd); Failed to bind to '[::]:8000'; Failed to bind socket: Address already in use
2025-08-24T13:28:32 exception: Failed to enable output "lossless" (httpd); Failed to bind to '[::]:8000'; Failed to bind socket: Address already in use
2025-08-24T13:28:58 exception: Failed to enable output "lossless" (httpd); Failed to bind to '[::]:8000'; Failed to bind socket: Address already in use
2025-08-24T13:28:59 exception: Failed to enable output "lossless" (httpd); Failed to bind to '[::]:8000'; Failed to bind socket: Address already in use
2025-08-24T13:29:13 pipewire_output: Decoder is too slow; playing silence to avoid xrun
2025-08-24T13:29:13 player: played "Adz, Likkledotzotb - Day 3.flac"
2025-08-24T13:29:13 exception: Failed to enable output "lossless" (httpd); Failed to bind to '[::]:8000'; Failed to bind socket: Address already in use
2025-08-24T13:33:07 player: played "MF DOOM - Hoe Cakes.flac"
2025-08-24T13:33:07 exception: Failed to enable output "lossless" (httpd); Failed to bind to '[::]:8000'; Failed to bind socket: Address already in use
2025-08-24T13:34:37 player: played "camuse - streetstar.flac"
2025-08-24T13:34:37 exception: Failed to enable output "lossless" (httpd); Failed to bind to '[::]:8000'; Failed to bind socket: Address already in use
2025-08-24T13:36:57 player: played "Central Cee, Lil Baby - BAND4BAND (feat. Lil Baby).flac"
2025-08-24T13:36:57 exception: Failed to enable output "lossless" (httpd); Failed to bind to '[::]:8000'; Failed to bind socket: Address already in use
2025-08-24T13:39:31 player: played "Central Cee - Gen Z Luv.flac"
2025-08-24T13:39:31 exception: Failed to enable output "lossless" (httpd); Failed to bind to '[::]:8000'; Failed to bind socket: Address already in use
2025-08-24T13:42:58 player: played "Niko B, dexter in the newsagent - trespass coat.flac"
2025-08-24T13:42:58 exception: Failed to enable output "lossless" (httpd); Failed to bind to '[::]:8000'; Failed to bind socket: Address already in use
2025-08-24T13:45:25 player: played "King Von - Crazy Story.flac"
2025-08-24T13:45:25 exception: Failed to enable output "lossless" (httpd); Failed to bind to '[::]:8000'; Failed to bind socket: Address already in use
2025-08-24T13:50:25 player: played "MF DOOM - Deep Fried Frenz.flac"
2025-08-24T13:50:25 exception: Failed to enable output "lossless" (httpd); Failed to bind to '[::]:8000'; Failed to bind socket: Address already in use
2025-08-24T13:52:59 player: played "Central Cee, 21 Savage - GBP (feat. 21 Savage).flac"
2025-08-24T13:52:59 exception: Failed to enable output "lossless" (httpd); Failed to bind to '[::]:8000'; Failed to bind socket: Address already in use
2025-08-24T13:55:00 player: played "SadBoyProlific, Aiko, Teqkoi - Walk Away.flac"
2025-08-24T13:55:00 exception: Failed to enable output "lossless" (httpd); Failed to bind to '[::]:8000'; Failed to bind socket: Address already in use
2025-08-24T13:57:50 player: played "Central Cee, JRK 19 - Bolide Noir.flac"
2025-08-24T13:57:50 exception: Failed to enable output "lossless" (httpd); Failed to bind to '[::]:8000'; Failed to bind socket: Address already in use
2025-08-24T14:01:25 player: played "Statik Selektah, Raekwon, Joey Bada$$, Black Thought - Bird_s Eye View (feat. Raekwon, Joey Bada$$ & Black Thought).flac"
2025-08-24T14:01:25 exception: Failed to enable output "lossless" (httpd); Failed to bind to '[::]:8000'; Failed to bind socket: Address already in use
2025-08-24T14:03:15 player: played "Kempachii - Pandora_s Box.flac"
2025-08-24T14:03:15 exception: Failed to enable output "lossless" (httpd); Failed to bind to '[::]:8000'; Failed to bind socket: Address already in use
2025-08-24T14:06:37 player: played "Dave, AJ Tracey - Thiago Silva.flac"
2025-08-24T14:06:37 exception: Failed to enable output "lossless" (httpd); Failed to bind to '[::]:8000'; Failed to bind socket: Address already in use
2025-08-24T14:10:08 player: played "Kanye West - Heartless.flac"
2025-08-24T14:10:08 exception: Failed to enable output "lossless" (httpd); Failed to bind to '[::]:8000'; Failed to bind socket: Address already in use
2025-08-24T14:12:06 player: played "SadBoyProlific, ivri - Scars.flac"
2025-08-24T14:12:06 exception: Failed to enable output "lossless" (httpd); Failed to bind to '[::]:8000'; Failed to bind socket: Address already in use
2025-08-24T14:16:14 player: played "Dave, Central Cee - Trojan Horse.flac"
2025-08-24T14:16:14 exception: Failed to enable output "lossless" (httpd); Failed to bind to '[::]:8000'; Failed to bind socket: Address already in use
2025-08-24T14:20:54 player: played "Denzel Curry - Walkin.flac"
2025-08-24T14:20:54 exception: Failed to enable output "lossless" (httpd); Failed to bind to '[::]:8000'; Failed to bind socket: Address already in use
2025-08-24T14:23:00 player: played "Dave, Central Cee - Sprinter.flac"
2025-08-24T17:32:29 config: option "buffer_time" on line 21 was not recognized
2025-08-24T17:32:29 server_socket: bind to '0.0.0.0:8000' failed (continuing anyway, because binding to '[::]:8000' succeeded): Failed to bind socket: Address already in use
2025-08-24T17:32:29 exception: Failed to enable output "lossless" (httpd); Failed to bind to '[::]:8000'; Failed to bind socket: Address already in use
2025-08-24T20:18:01 player: played "Dave, Central Cee - Sprinter.flac"
2025-08-24T22:25:25 config: option "buffer_time" on line 21 was not recognized
2025-08-24T22:25:25 server_socket: bind to '0.0.0.0:8000' failed (continuing anyway, because binding to '[::]:8000' succeeded): Failed to bind socket: Address already in use
2025-08-24T22:25:25 exception: Failed to enable output "lossless" (httpd); Failed to bind to '[::]:8000'; Failed to bind socket: Address already in use
2025-08-24T22:30:18 exception: Failed to enable output "lossless" (httpd); Failed to bind to '[::]:8000'; Failed to bind socket: Address already in use
2025-08-24T22:32:33 pipewire_output: Decoder is too slow; playing silence to avoid xrun
2025-08-24T22:32:33 player: played "Adz, Likkledotzotb - Day 3.flac"
2025-08-24T22:32:33 exception: Failed to enable output "lossless" (httpd); Failed to bind to '[::]:8000'; Failed to bind socket: Address already in use
2025-08-24T22:34:23 player: played "Kempachii - Pandora_s Box.flac"
2025-08-24T22:34:23 exception: Failed to enable output "lossless" (httpd); Failed to bind to '[::]:8000'; Failed to bind socket: Address already in use
2025-08-24T22:38:12 player: played "Kanye West - Bound 2.flac"
2025-08-24T22:38:12 exception: Failed to enable output "lossless" (httpd); Failed to bind to '[::]:8000'; Failed to bind socket: Address already in use
2025-08-24T22:43:10 player: played "MF DOOM, MF Grimm - Doomsday.flac"
2025-08-24T22:43:10 exception: Failed to enable output "lossless" (httpd); Failed to bind to '[::]:8000'; Failed to bind socket: Address already in use
2025-08-24T22:47:24 player: played "Arctic Monkeys - 505.flac"
2025-08-24T22:47:24 exception: Failed to enable output "lossless" (httpd); Failed to bind to '[::]:8000'; Failed to bind socket: Address already in use
2025-08-24T22:48:53 player: played "camuse - streetstar.flac"
2025-08-24T22:48:53 exception: Failed to enable output "lossless" (httpd); Failed to bind to '[::]:8000'; Failed to bind socket: Address already in use
2025-08-24T22:51:48 player: played "Niko B - It_s All Gone.flac"
2025-08-24T22:51:48 exception: Failed to enable output "lossless" (httpd); Failed to bind to '[::]:8000'; Failed to bind socket: Address already in use
2025-08-24T22:55:06 player: played "Dave, Central Cee - UK Rap.flac"
2025-08-24T22:55:06 exception: Failed to enable output "lossless" (httpd); Failed to bind to '[::]:8000'; Failed to bind socket: Address already in use
2025-08-24T22:58:01 player: played "Central Cee, RAYE - Moi.flac"
2025-08-24T22:58:01 exception: Failed to enable output "lossless" (httpd); Failed to bind to '[::]:8000'; Failed to bind socket: Address already in use
2025-08-24T23:02:58 player: played "Tracy Chapman - Fast Car.flac"
2025-08-24T23:02:58 exception: Failed to enable output "lossless" (httpd); Failed to bind to '[::]:8000'; Failed to bind socket: Address already in use
2025-08-24T23:05:13 player: played "JPEGMAFIA - TRUST!.flac"
2025-08-24T23:05:13 exception: Failed to enable output "lossless" (httpd); Failed to bind to '[::]:8000'; Failed to bind socket: Address already in use
2025-08-24T23:12:09 player: played "MF DOOM - Hoe Cakes.flac"
2025-08-25T11:06:59 config: option "buffer_time" on line 21 was not recognized
2025-08-25T11:06:59 server_socket: bind to '0.0.0.0:8000' failed (continuing anyway, because binding to '[::]:8000' succeeded): Failed to bind socket: Address already in use
2025-08-25T11:06:59 exception: Failed to enable output "lossless" (httpd); Failed to bind to '[::]:8000'; Failed to bind socket: Address already in use
2025-08-25T12:12:16 exception: Failed to enable output "lossless" (httpd); Failed to bind to '[::]:8000'; Failed to bind socket: Address already in use
2025-08-25T12:14:30 player: played "Adz, Likkledotzotb - Day 3.flac"
2025-08-25T12:14:30 exception: Failed to enable output "lossless" (httpd); Failed to bind to '[::]:8000'; Failed to bind socket: Address already in use
2025-08-25T12:18:28 player: played "Kanye West, Dwele - Flashing Lights.flac"
2025-08-25T12:18:28 exception: Failed to enable output "lossless" (httpd); Failed to bind to '[::]:8000'; Failed to bind socket: Address already in use
2025-08-25T12:21:59 player: played "Kanye West - Heartless.flac"
2025-08-25T12:21:59 exception: Failed to enable output "lossless" (httpd); Failed to bind to '[::]:8000'; Failed to bind socket: Address already in use
2025-08-25T12:26:56 player: played "Tracy Chapman - Fast Car.flac"
2025-08-25T12:26:56 exception: Failed to enable output "lossless" (httpd); Failed to bind to '[::]:8000'; Failed to bind socket: Address already in use
2025-08-25T12:28:58 player: played "Central Cee, Skepta - Ten (feat. Skepta).flac"
2025-08-25T12:28:58 exception: Failed to enable output "lossless" (httpd); Failed to bind to '[::]:8000'; Failed to bind socket: Address already in use
2025-08-25T12:33:04 player: played "The Smiths - There Is a Light That Never Goes Out - 2008 Remaster.flac"
2025-08-25T12:33:04 exception: Failed to enable output "lossless" (httpd); Failed to bind to '[::]:8000'; Failed to bind socket: Address already in use
2025-08-25T12:34:54 exception: Failed to open /home/toby/.config/mpd/playlists: No such file or directory
2025-08-25T12:35:40 exception: Failed to open /home/toby/.config/mpd/playlists: No such file or directory
2025-08-25T12:36:01 player: played "Little Simz, Obongjayar - Lion.flac"
2025-08-25T12:36:01 exception: Failed to enable output "lossless" (httpd); Failed to bind to '[::]:8000'; Failed to bind socket: Address already in use
2025-08-25T12:38:01 pipewire_output: Decoder is too slow; playing silence to avoid xrun
2025-08-25T12:38:01 player: played "SadBoyProlific, Aiko, Teqkoi - Walk Away.flac"
2025-08-25T12:38:01 exception: Failed to enable output "lossless" (httpd); Failed to bind to '[::]:8000'; Failed to bind socket: Address already in use
2025-08-25T13:31:28 player: played "lil beamed, Mourn, BODO - Welcome To Doxbin.flac"
2025-08-25T13:55:32 config: option "buffer_time" on line 21 was not recognized
2025-08-25T13:55:32 server_socket: bind to '0.0.0.0:8000' failed (continuing anyway, because binding to '[::]:8000' succeeded): Failed to bind socket: Address already in use
2025-08-25T13:55:32 exception: Failed to enable output "lossless" (httpd); Failed to bind to '[::]:8000'; Failed to bind socket: Address already in use
2025-08-25T15:40:08 exception: Failed to enable output "lossless" (httpd); Failed to bind to '[::]:8000'; Failed to bind socket: Address already in use
2025-08-25T15:40:13 exception: Failed to enable output "lossless" (httpd); Failed to bind to '[::]:8000'; Failed to bind socket: Address already in use
2025-08-25T15:40:17 exception: Failed to enable output "lossless" (httpd); Failed to bind to '[::]:8000'; Failed to bind socket: Address already in use
2025-08-25T15:42:31 player: played "Adz, Likkledotzotb - Day 3.flac"
2025-08-25T15:42:31 exception: Failed to enable output "lossless" (httpd); Failed to bind to '[::]:8000'; Failed to bind socket: Address already in use
2025-08-25T15:46:45 pipewire_output: Decoder is too slow; playing silence to avoid xrun
2025-08-25T15:46:45 player: played "Arctic Monkeys - 505.flac"
2025-08-25T15:46:45 exception: Failed to enable output "lossless" (httpd); Failed to bind to '[::]:8000'; Failed to bind socket: Address already in use
2025-08-25T15:52:12 exception: Failed to enable output "lossless" (httpd); Failed to bind to '[::]:8000'; Failed to bind socket: Address already in use
2025-08-25T15:52:13 exception: Failed to enable output "lossless" (httpd); Failed to bind to '[::]:8000'; Failed to bind socket: Address already in use
2025-08-25T15:52:14 exception: Failed to enable output "lossless" (httpd); Failed to bind to '[::]:8000'; Failed to bind socket: Address already in use
2025-08-25T15:52:14 exception: Failed to enable output "lossless" (httpd); Failed to bind to '[::]:8000'; Failed to bind socket: Address already in use
2025-08-25T15:52:23 exception: Failed to enable output "lossless" (httpd); Failed to bind to '[::]:8000'; Failed to bind socket: Address already in use
2025-08-25T15:52:23 exception: Failed to enable output "lossless" (httpd); Failed to bind to '[::]:8000'; Failed to bind socket: Address already in use
2025-08-25T15:53:53 player: played "camuse - streetstar.flac"
2025-08-25T15:53:53 exception: Failed to enable output "lossless" (httpd); Failed to bind to '[::]:8000'; Failed to bind socket: Address already in use
2025-08-25T15:58:12 pipewire_output: Decoder is too slow; playing silence to avoid xrun
2025-08-25T15:58:12 player: played "MF DOOM - One Beer.flac"
2025-08-25T15:58:12 exception: Failed to enable output "lossless" (httpd); Failed to bind to '[::]:8000'; Failed to bind socket: Address already in use
2025-08-25T16:00:09 player: played "SadBoyProlific, ivri - Scars.flac"
2025-08-25T16:00:09 exception: Failed to enable output "lossless" (httpd); Failed to bind to '[::]:8000'; Failed to bind socket: Address already in use
2025-08-25T16:03:04 player: played "Sainté - Dora.flac"
2025-08-25T16:03:04 exception: Failed to enable output "lossless" (httpd); Failed to bind to '[::]:8000'; Failed to bind socket: Address already in use
2025-08-25T16:03:19 exception: Failed to enable output "lossless" (httpd); Failed to bind to '[::]:8000'; Failed to bind socket: Address already in use
2025-08-25T16:05:46 pipewire_output: Decoder is too slow; playing silence to avoid xrun
2025-08-25T16:05:46 pipewire_output: Decoder is too slow; playing silence to avoid xrun
2025-08-25T16:05:46 player: played "Kanye West - On Sight.flac"
2025-08-25T16:05:46 exception: Failed to enable output "lossless" (httpd); Failed to bind to '[::]:8000'; Failed to bind socket: Address already in use
2025-08-25T16:09:14 player: played "Niko B, dexter in the newsagent - trespass coat.flac"
2025-08-25T16:09:14 exception: Failed to enable output "lossless" (httpd); Failed to bind to '[::]:8000'; Failed to bind socket: Address already in use
2025-08-25T16:12:07 player: played "MF DOOM, Mr. Fantastik - Rapp Snitch Knishes.flac"
2025-08-25T16:12:07 exception: Failed to enable output "lossless" (httpd); Failed to bind to '[::]:8000'; Failed to bind socket: Address already in use
2025-08-25T16:14:57 player: played "Central Cee, JRK 19 - Bolide Noir.flac"
2025-08-25T16:14:57 exception: Failed to enable output "lossless" (httpd); Failed to bind to '[::]:8000'; Failed to bind socket: Address already in use
2025-08-25T16:18:33 player: played "Luke Muzzic - Dark Is The Night - slowed to perfection.flac"
2025-08-25T16:18:33 exception: Failed to enable output "lossless" (httpd); Failed to bind to '[::]:8000'; Failed to bind socket: Address already in use
2025-08-25T16:18:53 exception: Failed to enable output "lossless" (httpd); Failed to bind to '[::]:8000'; Failed to bind socket: Address already in use
2025-08-25T16:20:45 exception: Failed to enable output "lossless" (httpd); Failed to bind to '[::]:8000'; Failed to bind socket: Address already in use
2025-08-25T16:23:07 pipewire_output: Decoder is too slow; playing silence to avoid xrun
2025-08-25T16:23:07 player: played "camuse - sparta kick.flac"
2025-08-25T16:23:07 exception: Failed to enable output "lossless" (httpd); Failed to bind to '[::]:8000'; Failed to bind socket: Address already in use
2025-08-25T16:26:56 player: played "Dave, Central Cee - Sprinter.flac"
2025-08-25T16:26:56 exception: Failed to enable output "lossless" (httpd); Failed to bind to '[::]:8000'; Failed to bind socket: Address already in use
2025-08-25T16:31:54 player: played "MF DOOM, MF Grimm - Doomsday.flac"
2025-08-25T16:31:54 exception: Failed to enable output "lossless" (httpd); Failed to bind to '[::]:8000'; Failed to bind socket: Address already in use
2025-08-25T16:36:51 player: played "Tracy Chapman - Fast Car.flac"
2025-08-25T16:36:51 exception: Failed to enable output "lossless" (httpd); Failed to bind to '[::]:8000'; Failed to bind socket: Address already in use
2025-08-25T16:40:45 player: played "MF DOOM - Hoe Cakes.flac"
2025-08-25T16:40:45 exception: Failed to enable output "lossless" (httpd); Failed to bind to '[::]:8000'; Failed to bind socket: Address already in use
2025-08-25T16:44:03 player: played "Dave, Central Cee - UK Rap.flac"
2025-08-25T16:44:03 exception: Failed to enable output "lossless" (httpd); Failed to bind to '[::]:8000'; Failed to bind socket: Address already in use
2025-08-25T16:46:23 player: played "Central Cee, Lil Baby - BAND4BAND (feat. Lil Baby).flac"
2025-08-25T16:46:23 exception: Failed to enable output "lossless" (httpd); Failed to bind to '[::]:8000'; Failed to bind socket: Address already in use
2025-08-25T16:49:50 player: played "Central Cee - Now We_re Strangers.flac"
2025-08-25T16:49:50 exception: Failed to enable output "lossless" (httpd); Failed to bind to '[::]:8000'; Failed to bind socket: Address already in use
2025-08-25T16:53:39 player: played "Kanye West - Bound 2.flac"
2025-08-25T16:53:39 exception: Failed to enable output "lossless" (httpd); Failed to bind to '[::]:8000'; Failed to bind socket: Address already in use
2025-08-25T16:56:12 player: played "Central Cee - Gen Z Luv.flac"
2025-08-25T16:56:12 exception: Failed to enable output "lossless" (httpd); Failed to bind to '[::]:8000'; Failed to bind socket: Address already in use
2025-08-25T16:59:16 player: played "wewantwraiths, Bella Shmurda - On The Road.flac"
2025-08-25T16:59:16 exception: Failed to enable output "lossless" (httpd); Failed to bind to '[::]:8000'; Failed to bind socket: Address already in use
2025-08-25T17:01:19 player: played "Central Cee, Skepta - Ten (feat. Skepta).flac"
2025-08-25T17:01:19 exception: Failed to enable output "lossless" (httpd); Failed to bind to '[::]:8000'; Failed to bind socket: Address already in use
2025-08-25T17:05:08 player: played "Kanye West - Bound 2.flac"
2025-08-25T17:05:08 exception: Failed to enable output "lossless" (httpd); Failed to bind to '[::]:8000'; Failed to bind socket: Address already in use
2025-08-25T17:06:53 player: played "Central Cee - Now We_re Strangers.flac"
2025-08-25T17:20:47 config: option "buffer_time" on line 21 was not recognized
2025-08-25T17:20:47 server_socket: bind to '0.0.0.0:8000' failed (continuing anyway, because binding to '[::]:8000' succeeded): Failed to bind socket: Address already in use
2025-08-25T17:20:47 exception: Failed to enable output "lossless" (httpd); Failed to bind to '[::]:8000'; Failed to bind socket: Address already in use
2025-08-25T19:31:37 player: played "Central Cee - Now We_re Strangers.flac"
2025-08-25T19:51:29 config: option "buffer_time" on line 21 was not recognized
2025-08-25T19:51:29 server_socket: bind to '0.0.0.0:8000' failed (continuing anyway, because binding to '[::]:8000' succeeded): Failed to bind socket: Address already in use
2025-08-25T19:51:29 exception: Failed to enable output "lossless" (httpd); Failed to bind to '[::]:8000'; Failed to bind socket: Address already in use
2025-08-25T19:52:05 player: played "Central Cee - Now We_re Strangers.flac"
2025-08-26T11:04:07 config: option "buffer_time" on line 21 was not recognized
2025-08-26T11:04:07 server_socket: bind to '0.0.0.0:8000' failed (continuing anyway, because binding to '[::]:8000' succeeded): Failed to bind socket: Address already in use
2025-08-26T11:04:07 exception: Failed to enable output "lossless" (httpd); Failed to bind to '[::]:8000'; Failed to bind socket: Address already in use
2025-08-26T16:24:33 exception: Failed to enable output "lossless" (httpd); Failed to bind to '[::]:8000'; Failed to bind socket: Address already in use
2025-08-26T16:27:41 exception: Failed to enable output "lossless" (httpd); Failed to bind to '[::]:8000'; Failed to bind socket: Address already in use
2025-08-26T16:50:00 exception: Failed to enable output "lossless" (httpd); Failed to bind to '[::]:8000'; Failed to bind socket: Address already in use
2025-08-26T16:51:32 player: played "Adz, Likkledotzotb - Day 3.flac"
2025-08-26T16:51:36 exception: Failed to enable output "lossless" (httpd); Failed to bind to '[::]:8000'; Failed to bind socket: Address already in use
2025-08-26T16:54:34 player: played "Little Simz, Obongjayar - Lion.flac"
2025-08-26T16:54:34 exception: Failed to enable output "lossless" (httpd); Failed to bind to '[::]:8000'; Failed to bind socket: Address already in use
2025-08-26T16:57:26 player: played "Joey Bada$$ - Shine.flac"
2025-08-26T16:57:26 exception: Failed to enable output "lossless" (httpd); Failed to bind to '[::]:8000'; Failed to bind socket: Address already in use
2025-08-26T17:01:15 player: played "Kanye West - Bound 2.flac"
2025-08-26T17:01:15 exception: Failed to enable output "lossless" (httpd); Failed to bind to '[::]:8000'; Failed to bind socket: Address already in use
2025-08-26T17:05:24 player: played "Dave, Central Cee - Trojan Horse.flac"
2025-08-26T17:05:24 exception: Failed to enable output "lossless" (httpd); Failed to bind to '[::]:8000'; Failed to bind socket: Address already in use
2025-08-26T17:09:13 pipewire_output: Decoder is too slow; playing silence to avoid xrun
2025-08-26T17:09:13 player: played "AJ Tracey - West Life.flac"
2025-08-26T17:09:13 exception: Failed to enable output "lossless" (httpd); Failed to bind to '[::]:8000'; Failed to bind socket: Address already in use
2025-08-26T17:10:33 player: played "MF DOOM - Deep Fried Frenz.flac"
2025-08-26T17:11:01 exception: Failed to enable output "lossless" (httpd); Failed to bind to '[::]:8000'; Failed to bind socket: Address already in use
2025-08-26T18:44:47 player: played "MF DOOM - Deep Fried Frenz.flac"
2025-08-26T18:46:36 config: option "buffer_time" on line 21 was not recognized
2025-08-26T18:46:36 server_socket: bind to '0.0.0.0:8000' failed (continuing anyway, because binding to '[::]:8000' succeeded): Failed to bind socket: Address already in use
2025-08-26T18:46:36 exception: Failed to enable output "lossless" (httpd); Failed to bind to '[::]:8000'; Failed to bind socket: Address already in use
